2026-05-13T09:47:04.727+02:00 result=LOSS gameId=f7ec01f1-9b88-4291-8981-ad13a6f00f15 mode=DUEL turns=295 us=Sneaksnaek usLength=44 opponents=[] survivors=[]
2026-05-13T09:54:39.883+02:00 result=LOSS gameId=27d3d023-4b09-452e-a4f0-314fa07ac76f mode=DUEL turns=18 us=Sneaksnaek usLength=6 opponents=[FierceViper] survivors=[FierceViper]
2026-05-13T09:56:46.449+02:00 result=WIN gameId=e19807ea-c064-4027-a117-11434588daaf mode=DUEL turns=143 us=Sneaksnaek usLength=16 opponents=[FierceViper] survivors=[sneakysnayk]
2026-05-13T10:05:37.517+02:00 result=LOSS gameId=9c5e2c67-7797-428a-b320-c149e091b961 mode=FFA turns=140 us=Sneaksnaek usLength=9 opponents=[DevIGNy Default, SeverusSnake, Testing testing] survivors=[SeverusSnake]
2026-05-13T10:05:47.164+02:00 result=LOSS gameId=bb26f790-ebdc-4f15-a3c8-83603fa77a9a mode=FFA turns=123 us=Sneaksnaek usLength=12 opponents=[SeverusSnake, Testing testing, DevIGNy Default] survivors=[SeverusSnake]
2026-05-13T10:06:12.045+02:00 result=LOSS gameId=2f62771a-7176-4740-b935-14414db68c4a mode=FFA turns=258 us=Sneaksnaek usLength=4 opponents=[SeverusSnake, Testing testing, DevIGNy Default] survivors=[SeverusSnake]
2026-05-13T10:07:04.144+02:00 result=WIN gameId=e5233b9b-0a56-459d-853c-235f65a56699 mode=FFA turns=914 us=Sneaksnaek usLength=78 opponents=[DevIGNy Default, SeverusSnake, Testing testing] survivors=[sneakysnayk]
2026-05-13T10:17:31.245+02:00 result=WIN gameId=3e972f1d-0d64-491e-a42e-ba90364d29d8 mode=DUEL turns=53 us=Sneaksnaek usLength=7 opponents=[DevIGNy Default] survivors=[sneakysnayk]
2026-05-13T10:25:22.187+02:00 result=LOSS gameId=1bd66340-b1a5-463a-96b7-34aad5ba833a mode=DUEL turns=267 us=Sneaksnaek usLength=25 opponents=[vcp] survivors=[vcp]
2026-05-13T10:28:11.165+02:00 result=WIN gameId=3aef1dcb-f7d6-4d5f-96b1-01b8b0f10968 mode=DUEL turns=101 us=Sneaksnaek usLength=14 opponents=[Neerkoli] survivors=[sneakysnayk]
2026-05-13T11:07:10.521+02:00 result=LOSS gameId=7041e17a-6b6d-4cc2-bc6d-1fc8f15a41d0 mode=DUEL turns=378 us=Sneaksnaek usLength=47 opponents=[Shetty] survivors=[Shetty]
2026-05-13T11:15:39.213+02:00 result=WIN gameId=0bc44b16-9c9e-4207-bb63-e07e7110d6b6 mode=DUEL turns=171 us=Sneaksnaek usLength=30 opponents=[Shetty] survivors=[sneakysnayk]
2026-05-13T11:16:03.658+02:00 result=LOSS gameId=dd61f1f5-cb74-413a-93b1-08718bf8258d mode=FFA turns=342 us=Sneaksnaek usLength=32 opponents=[Shetty, SeverusSnake] survivors=[SeverusSnake]
2026-05-13T11:24:07.147+02:00 result=WIN gameId=1dd62588-90b0-4e53-adba-3b5b351f3809 mode=DUEL turns=157 us=Sneaksnaek usLength=22 opponents=[SeverusSnake] survivors=[sneakysnayk]
ACTIVATE VORENAI & H2H
2026-05-13T11:28:19.409+02:00 result=WIN gameId=7d867a50-4395-481b-8fb6-b6751c82cce3 mode=DUEL turns=312 us=Sneaksnaek usLength=34 opponents=[SeverusSnake] survivors=[sneakysnayk]
2026-05-13T11:35:57.291+02:00 result=LOSS gameId=33c88a33-8a8a-4187-a74b-98bfaa63f242 mode=DUEL turns=173 us=Sneaksnaek usLength=19 opponents=[SeverusSnake] survivors=[SeverusSnake]
2026-05-13T11:38:21.922+02:00 result=LOSS gameId=8ab23f4a-517e-44d2-8c29-43606a00efda mode=DUEL turns=47 us=Sneaksnaek usLength=6 opponents=[] survivors=[]
2026-05-13T11:49:16.561+02:00 result=LOSS gameId=c403995e-e05b-486f-a156-19a44da392de mode=DUEL turns=190 us=Sneaksnaek usLength=32 opponents=[] survivors=[]
2026-05-13T11:54:55.666+02:00 result=LOSS gameId=d14a0603-8dc3-4e89-9579-9bedfaf1cd01 mode=DUEL turns=514 us=Sneaksnaek usLength=59 opponents=[] survivors=[]
2026-05-13T11:58:05.612+02:00 result=LOSS gameId=6a3db071-f26d-4379-812e-abae4c47b168 mode=DUEL turns=763 us=Sneaksnaek usLength=88 opponents=[] survivors=[]
2026-05-13T12:03:30.802+02:00 result=LOSS gameId=a12eda65-ab13-489f-b8a2-ce820122c4da mode=DUEL turns=201 us=Sneaksnaek usLength=17 opponents=[SeverusSnake] survivors=[SeverusSnake]
2026-05-13T12:14:50.943+02:00 result=WIN gameId=8163d8a8-8434-475f-b0fa-69a5e2ffdf04 mode=FFA turns=657 us=Sneaksnaek usLength=50 opponents=[SeverusSnake, Shetty] survivors=[sneakysnayk]
2026-05-13T12:18:14.955+02:00 result=WIN gameId=69ca9418-81ba-4ab4-8ed7-b78e39bf198f mode=DUEL turns=222 us=Sneaksnaek usLength=21 opponents=[FangFury] survivors=[sneakysnayk]
2026-05-13T12:20:09.606+02:00 result=WIN gameId=d184a14d-c912-4f2e-91c8-66b8f20e8f99 mode=FFA turns=161 us=Sneaksnaek usLength=12 opponents=[SeverusSnake, Blue Python] survivors=[sneakysnayk]
2026-05-13T12:25:35.265+02:00 result=WIN gameId=ead5d550-0481-4a50-b132-d541bf77bf5b mode=FFA turns=187 us=Sneaksnaek usLength=22 opponents=[SeverusSnake, GreenMamba] survivors=[sneakysnayk]
2026-05-13T12:27:43.221+02:00 result=LOSS gameId=1a4c7f4c-f002-4441-9088-e0fdb96587d6 mode=DUEL turns=232 us=Sneaksnaek usLength=20 opponents=[FangFury] survivors=[FangFury]
2026-05-13T12:33:21.820+02:00 result=WIN gameId=0f674f59-dee9-4153-a2f9-7a5329d722f8 mode=FFA turns=232 us=Sneaksnaek usLength=17 opponents=[FangFury, Shetty, GreenMamba] survivors=[sneakysnayk]
2026-05-13T12:42:49.699+02:00 result=LOSS gameId=9f5f3687-5489-4d20-ac3b-9dbef3ed2260 mode=FFA turns=143 us=Sneaksnaek usLength=13 opponents=[SteamR, SolidSnake, Miðgarðsormr] survivors=[Miðgarðsormr]
2026-05-13T12:45:23.759+02:00 result=WIN gameId=3966ad56-d918-4296-822b-d0e277ec71f1 mode=FFA turns=207 us=Sneaksnaek usLength=21 opponents=[FangFury, Shetty, GreenMamba] survivors=[sneakysnayk]
2026-05-13T12:50:20.140+02:00 result=LOSS gameId=2f6cd9f5-5bf1-4de9-9a2f-634504b6dcea mode=FFA turns=168 us=Sneaksnaek usLength=4 opponents=[Camilla, Amar, SolidSnake] survivors=[SolidSnake]
2026-05-13T12:52:45.873+02:00 result=LOSS gameId=f32fb477-66fa-4515-8e23-9e4e0e25c3bc mode=FFA turns=337 us=Sneaksnaek usLength=27 opponents=[FangFury, Camilla, GreenMamba] survivors=[GreenMamba]
2026-05-13T13:03:46.751+02:00 result=WIN gameId=d7153bdd-929b-4a6c-add1-5382a0bc5076 mode=FFA turns=114 us=Sneaksnaek usLength=16 opponents=[Amar, FangFury] survivors=[sneakysnayk]
2026-05-13T13:05:02.621+02:00 result=WIN gameId=be4cdee9-27d2-4266-84b9-04a8318d5e72 mode=DUEL turns=140 us=Sneaksnaek usLength=16 opponents=[SteamR] survivors=[sneakysnayk]
STRETCHING
2026-05-13T13:09:53.053+02:00 result=WIN gameId=63e72e64-8d96-48d1-a7d9-f4cc7564de69 mode=DUEL turns=76 us=Sneaksnaek usLength=12 opponents=[vcp] survivors=[sneakysnayk]
2026-05-13T13:10:19.151+02:00 result=WIN gameId=3533e4ab-cf95-4433-b3f5-8a9d6c018ad8 mode=FFA turns=95 us=Sneaksnaek usLength=13 opponents=[FangFury, Amar] survivors=[sneakysnayk]
2026-05-13T13:13:05.303+02:00 result=LOSS gameId=71e4cd9e-ac56-4944-b66c-44849bfb4feb mode=FFA turns=234 us=Sneaksnaek usLength=17 opponents=[JLT, Amar] survivors=[JLT]
2026-05-13T13:13:51.755+02:00 result=WIN gameId=e3661d9f-deab-4e83-9c5e-d1c89e51272f mode=FFA turns=113 us=Sneaksnaek usLength=15 opponents=[FangFury, GreenMamba] survivors=[sneakysnayk]
2026-05-13T13:15:00.939+02:00 result=WIN gameId=517ed3f0-c18f-4809-a6c6-8b5fbb7d591a mode=DUEL turns=247 us=Sneaksnaek usLength=27 opponents=[JLT] survivors=[sneakysnayk]
2026-05-13T13:16:56.508+02:00 result=LOSS gameId=1d090f8d-9c3f-4c7f-8fd7-d18f2b763aeb mode=FFA turns=142 us=Sneaksnaek usLength=12 opponents=[SeverusSnake, Shetty, GreenMamba] survivors=[SeverusSnake]
2026-05-13T13:18:20.978+02:00 result=LOSS gameId=6182b731-981c-4322-bc7f-86b5d88f084c mode=FFA turns=336 us=Sneaksnaek usLength=23 opponents=[FangFury, GreenMamba] survivors=[GreenMamba]
2026-05-13T13:20:39.475+02:00 result=WIN gameId=0cc371cd-85bb-4ac5-a0ce-bbfa98e01dd7 mode=FFA turns=169 us=Sneaksnaek usLength=16 opponents=[FangFury, Amar] survivors=[sneakysnayk]
2026-05-13T13:21:13.757+02:00 result=LOSS gameId=a3157875-3477-4198-98b2-5a26d0d9ce9c mode=FFA turns=190 us=Sneaksnaek usLength=9 opponents=[Shetty, JLT, FierceViper, Neerkoli] survivors=[Neerkoli]
2026-05-13T13:21:56.640+02:00 result=LOSS gameId=7f60be42-75a2-47a4-a4f8-8b64fefc199d mode=FFA turns=849 us=Sneaksnaek usLength=46 opponents=[FangFury, Manish, FierceViper, SeverusSnake, Shetty, GreenMamba, DevIGNy Default] survivors=[FierceViper]
2026-05-13T13:26:34.565+02:00 result=WIN gameId=96441742-12ae-4268-925f-1ddc68a79579 mode=FFA turns=180 us=Sneaksnaek usLength=16 opponents=[FierceViper, JLT] survivors=[sneakysnayk]
2026-05-13T13:26:56.926+02:00 result=WIN gameId=eed199d4-0fa2-409d-8dc1-d68ecece142b mode=FFA turns=300 us=Sneaksnaek usLength=23 opponents=[FangFury, FierceViper] survivors=[sneakysnayk]
2026-05-13T13:30:11.369+02:00 result=LOSS gameId=589165d5-cddc-43ec-8b21-8919ae8e27cd mode=FFA turns=473 us=Sneaksnaek usLength=17 opponents=[DevIGNy Default, Manish, SeverusSnake, Shetty, GreenMamba] survivors=[GreenMamba]
2026-05-13T13:39:44.933+02:00 result=WIN gameId=5e7d2421-ae96-4f28-a20c-144e50803263 mode=FFA turns=195 us=Sneaksnaek usLength=20 opponents=[GreenMamba, JLT] survivors=[sneakysnayk]
2026-05-13T13:40:06.173+02:00 result=WIN gameId=967eaed4-220e-4f29-9665-84b63d5c6469 mode=FFA turns=218 us=Sneaksnaek usLength=20 opponents=[FangFury, GreenMamba] survivors=[sneakysnayk]
2026-05-13T13:59:16.304+02:00 result=LOSS gameId=94e09513-435b-435a-b5f6-6e5e3789d23b mode=FFA turns=17 us=Sneaksnaek usLength=5 opponents=[Deepak, vcp, Neerkoli] survivors=[vcp]
2026-05-13T14:03:56.522+02:00 result=WIN gameId=06ff29a2-71c9-4969-bcb0-6083222fa72d mode=FFA turns=257 us=Sneaksnaek usLength=27 opponents=[Deepak, vcp, Neerkoli] survivors=[sneakysnayk]
2026-05-13T14:06:11.643+02:00 result=LOSS gameId=6a55e1dc-aa4b-4f15-9d45-41141fef2ea7 mode=FFA turns=407 us=Sneaksnaek usLength=11 opponents=[Deepak, vcp, Neerkoli] survivors=[vcp]
after first round:
2026-05-13T14:32:38.045+02:00 result=WIN gameId=d751a050-a3b4-4e79-9a55-bdb4efbe05d8 mode=DUEL turns=78 us=Sneaksnaek usLength=9 opponents=[FangFury] survivors=[sneakysnayk]
2026-05-13T14:41:41.823+02:00 result=WIN gameId=88aff5fe-266b-473d-88c0-5e3103465b15 mode=FFA turns=441 us=Sneaksnaek usLength=32 opponents=[Deepak, Blue Python, GreenMamba, Miðgarðsormr, Rita, JLT, Manish, FierceViper, SeverusSnake, Camilla, Shetty] survivors=[sneakysnayk]
2026-05-13T14:42:21.118+02:00 result=WIN gameId=9a82396e-5fa5-4be9-987f-096d1a44dfb4 mode=FFA turns=665 us=Sneaksnaek usLength=44 opponents=[GreenMamba, Rita, Manish, FierceViper, SeverusSnake, JLT, Deepak, Blue Python, Camilla, Shetty, Miðgarðsormr] survivors=[sneakysnayk]
2026-05-13T14:46:03.209+02:00 result=WIN gameId=aa31aa25-6083-47c0-b2f5-88bc1d6b5071 mode=FFA turns=286 us=Sneaksnaek usLength=20 opponents=[Deepak, Blue Python, Manish, FierceViper, SeverusSnake, Shetty, GreenMamba, Miðgarðsormr] survivors=[sneakysnayk]
2026-05-13T15:10:49.316+02:00 result=WIN gameId=9b420c57-8914-44e9-aaf2-d416f7c63c28 mode=DUEL turns=90 us=Sneaksnaek usLength=16 opponents=[Shetty] survivors=[sneakysnayk]
2026-05-13T15:12:57.131+02:00 result=WIN gameId=6ab23c30-2b1c-4c39-968d-10fdd82b9e6e mode=DUEL turns=37 us=Sneaksnaek usLength=6 opponents=[Shetty] survivors=[sneakysnayk]
2026-05-13T15:14:40.241+02:00 result=LOSS gameId=2e0cfd0a-63f0-403b-adc1-245a65e7e923 mode=FFA turns=286 us=Sneaksnaek usLength=23 opponents=[Blue Python, FierceViper, SeverusSnake] survivors=[FierceViper]
2026-05-13T15:15:19.095+02:00 result=WIN gameId=af8101fc-18da-4b93-b7be-246629008263 mode=FFA turns=329 us=Sneaksnaek usLength=25 opponents=[FierceViper, GreenMamba, Miðgarðsormr, Rita] survivors=[sneakysnayk]
2026-05-13T15:30:05.864+02:00 result=LOSS gameId=70c23dd7-47c0-4d74-aa81-2b83ac1c87b5 mode=DUEL turns=128 us=Sneaksnaek usLength=16 opponents=[Manish] survivors=[Manish]
2026-05-13T15:31:45.233+02:00 result=WIN gameId=06afd331-d746-4b16-8c92-40693c939257 mode=DUEL turns=161 us=Sneaksnaek usLength=17 opponents=[Manish] survivors=[sneakysnayk]
2026-05-13T15:32:25.555+02:00 result=WIN gameId=6ca1806f-a156-4fb1-a565-d8948262c4c2 mode=FFA turns=416 us=Sneaksnaek usLength=44 opponents=[DevIGNy Default, Blue Python, FierceViper] survivors=[sneakysnayk]
2026-05-13T15:35:03.059+02:00 result=LOSS gameId=f17ef526-2e37-497f-ad26-b9b1bf294328 mode=FFA turns=113 us=Sneaksnaek usLength=8 opponents=[vcp, Camilla] survivors=[vcp]
2026-05-13T15:46:13.470+02:00 result=LOSS gameId=7a2baccc-7b23-4b5d-85e0-c2729e3ddbd9 mode=FFA turns=172 us=Sneaksnaek usLength=16 opponents=[Shetty, GreenMamba, Miðgarðsormr] survivors=[Shetty]
2026-05-13T15:47:58.431+02:00 result=LOSS gameId=e974f541-4aa5-48e2-8a1d-c2b01baae630 mode=FFA turns=148 us=Sneaksnaek usLength=6 opponents=[Shetty, GreenMamba, Miðgarðsormr] survivors=[Miðgarðsormr]
2026-05-13T15:49:36.187+02:00 result=LOSS gameId=f2ecf500-3f35-4048-b94e-2e53d2224b73 mode=FFA turns=140 us=Sneaksnaek usLength=5 opponents=[Shetty, GreenMamba, Miðgarðsormr] survivors=[Miðgarðsormr]
2026-05-13T16:05:34.486+02:00 result=WIN gameId=a3e9fdab-ece3-4f02-8bf9-d55914314a70 mode=DUEL turns=218 us=Sneaksnaek usLength=23 opponents=[vcp] survivors=[sneakysnayk]
2026-05-13T16:06:33.111+02:00 result=WIN gameId=4f5e775c-537a-4cb8-a19f-b054b8cbbdeb mode=DUEL turns=185 us=Sneaksnaek usLength=24 opponents=[Manish] survivors=[sneakysnayk]
2026-05-13T16:11:53.383+02:00 result=LOSS gameId=00ec2507-8560-4117-8d6c-4b11c9a35ec6 mode=DUEL turns=32 us=Sneaksnaek usLength=3 opponents=[Shetty] survivors=[Shetty]
2026-05-13T16:13:00.379+02:00 result=LOSS gameId=d2c91e07-a07e-45c5-ac0e-04ed34bdfaf4 mode=DUEL turns=161 us=Sneaksnaek usLength=11 opponents=[] survivors=[]
2026-05-13T16:15:07.932+02:00 result=LOSS gameId=1c921a03-e4dc-43a0-9404-b36e90036e81 mode=FFA turns=174 us=Sneaksnaek usLength=18 opponents=[Blue Python, FangFury, Deepak] survivors=[Deepak]
2026-05-13T16:16:05.188+02:00 result=LOSS gameId=8c7e1eb5-574b-4710-afad-fcf80a8a7861 mode=DUEL turns=146 us=Sneaksnaek usLength=16 opponents=[Deepak] survivors=[Deepak]
2026-05-13T16:18:09.524+02:00 result=LOSS gameId=6c546f88-c541-42e3-8c88-ce11ac304f4b mode=FFA turns=190 us=Sneaksnaek usLength=25 opponents=[Deepak, SeverusSnake] survivors=[Deepak]
2026-05-13T16:56:15.355+02:00 result=WIN gameId=150acaf4-c3c8-4483-8c2e-5ab3995d03a6 mode=DUEL turns=276 us=Sneaksnaek usLength=18 opponents=[vcp] survivors=[sneakysnayk]
2026-05-13T17:09:35.728+02:00 result=LOSS gameId=04857ddd-f543-4211-a8b4-a886497dc560 mode=FFA turns=107 us=Sneaksnaek usLength=14 opponents=[Deepak, Blue Python, GreenMamba] survivors=[GreenMamba]
2026-05-13T17:09:41.732+02:00 result=WIN gameId=ffb033bc-21f8-4b45-a9f0-b325d4b24e71 mode=FFA turns=139 us=Sneaksnaek usLength=15 opponents=[GreenMamba, Deepak, Blue Python] survivors=[sneakysnayk]
2026-05-13T17:11:11.042+02:00 result=WIN gameId=369130b7-4b6b-449b-a7c9-caa2bed68aad mode=DUEL turns=155 us=Sneaksnaek usLength=17 opponents=[SolidSnake] survivors=[sneakysnayk]
2026-05-13T17:18:45.969+02:00 result=WIN gameId=52e0d85f-c512-4847-ab8e-465320b9d80d mode=FFA turns=332 us=Sneaksnaek usLength=18 opponents=[FangFury, FierceViper, SeverusSnake, Rita, SolidSnake, Miðgarðsormr, vcp, Shetty, GreenMamba, SteamR, Deepak, Blue Python, Manish, Amar] survivors=[sneakysnayk]
2026-05-13T17:20:50.078+02:00 result=WIN gameId=36b5813f-abea-4b7a-8dc7-69c063717fb5 mode=FFA turns=355 us=Sneaksnaek usLength=18 opponents=[Shetty, SteamR, Rita, Manish, SeverusSnake, vcp, SolidSnake, Blue Python, FangFury, Amar, Deepak, FierceViper, GreenMamba, Miðgarðsormr] survivors=[sneakysnayk]
2026-05-13T17:24:42.326+02:00 result=LOSS gameId=e020606d-f03a-4a64-9931-ceb82a6243b9 mode=FFA turns=377 us=Sneaksnaek usLength=7 opponents=[Manish, SeverusSnake, Amar, FangFury, vcp, Miðgarðsormr, Deepak, GreenMamba, SolidSnake, Rita, FierceViper, Shetty, SteamR, Blue Python] survivors=[vcp]
2026-05-13T17:32:19.423+02:00 result=LOSS gameId=237ce239-3cfc-4624-861f-8077bea6fa44 mode=FFA turns=335 us=Sneaksnaek usLength=17 opponents=[Amar, Deepak, Blue Python, Manish, SeverusSnake, vcp, SteamR, SolidSnake, Miðgarðsormr, FangFury, Shetty] survivors=[SolidSnake]
2026-05-13T17:35:06.885+02:00 result=LOSS gameId=7761057c-9b68-4dab-a489-c1784ffecbd9 mode=FFA turns=143 us=Sneaksnaek usLength=7 opponents=[SteamR, Amar, SolidSnake, Miðgarðsormr, Manish, Shetty, SeverusSnake, vcp, Deepak, FangFury] survivors=[Miðgarðsormr]
2026-05-13T17:38:58.692+02:00 result=LOSS gameId=b2eb05e3-1cc5-4940-905c-e127a679c520 mode=FFA turns=805 us=Sneaksnaek usLength=6 opponents=[FangFury, vcp, SteamR, SolidSnake, Deepak, SeverusSnake, Shetty, Amar, Miðgarðsormr, Manish] survivors=[Miðgarðsormr]
